<?xml version="1.0" encoding="UTF-8"?>
<testng-results total="3" passed="3" failed="0" skipped="0">
  <reporter-output>
  </reporter-output>
  <suite started-at="2022-03-16T16:52:12Z" name="Surefire suite" finished-at="2022-03-16T16:52:25Z" duration-ms="12906">
    <groups>
    </groups>
    <test started-at="2022-03-16T16:52:12Z" name="Surefire test" finished-at="2022-03-16T16:52:25Z" duration-ms="12906">
      <class name="Rest_Testing.ecommerce">
        <test-method signature="Login()[pri:1, instance:Rest_Testing.ecommerce@7cc0cdad]" started-at="2022-03-16T22:22:13Z" name="Login" finished-at="2022-03-16T22:22:21Z" duration-ms="8301" status="PASS">
          <reporter-output>
          </reporter-output>
        </test-method> <!-- Login -->
        <test-method signature="getallusers()[pri:2, instance:Rest_Testing.ecommerce@7cc0cdad]" started-at="2022-03-16T22:22:21Z" name="getallusers" finished-at="2022-03-16T22:22:24Z" depends-on-methods="Rest_Testing.ecommerce.Login" duration-ms="2909" status="PASS">
          <reporter-output>
          </reporter-output>
        </test-method> <!-- getallusers -->
        <test-method signature="delete()[pri:3, instance:Rest_Testing.ecommerce@7cc0cdad]" started-at="2022-03-16T22:22:24Z" name="delete" finished-at="2022-03-16T22:22:25Z" depends-on-methods="Rest_Testing.ecommerce.getallusers" duration-ms="1680" status="PASS">
          <reporter-output>
          </reporter-output>
        </test-method> <!-- delete -->
      </class> <!-- Rest_Testing.ecommerce -->
    </test> <!-- Surefire test -->
  </suite> <!-- Surefire suite -->
</testng-results>
