<?xml version="1.0" encoding="UTF-8"?>
<!-- Generated by org.testng.reporters.JUnitXMLReporter -->
<testsuite hostname="DESKTOP-A1UT1FC" failures="0" tests="3" name="Surefire test" time="12.906" errors="0" timestamp="16 Mar 2022 16:52:25 GMT">
  <testcase classname="Rest_Testing.ecommerce" name="Login" time="8.301"/>
  <testcase classname="Rest_Testing.ecommerce" name="getallusers" time="2.909"/>
  <testcase classname="Rest_Testing.ecommerce" name="delete" time="1.68"/>
</testsuite> <!-- Surefire test -->
