<?xml version="1.0" encoding="UTF-8"?>
<testng-results total="4" passed="4" failed="0" skipped="0">
  <reporter-output>
  </reporter-output>
  <suite started-at="2022-03-16T16:48:15Z" name="Default suite" finished-at="2022-03-16T16:48:30Z" duration-ms="15651">
    <groups>
    </groups>
    <test started-at="2022-03-16T16:48:15Z" name="Default test" finished-at="2022-03-16T16:48:30Z" duration-ms="15651">
      <class name="Rest_Testing.ecommerce">
        <test-method signature="signup()[pri:0, instance:Rest_Testing.ecommerce@4278284b]" started-at="2022-03-16T22:18:15Z" name="signup" finished-at="2022-03-16T22:18:22Z" duration-ms="7428" status="PASS">
          <reporter-output>
          </reporter-output>
        </test-method> <!-- signup -->
        <test-method signature="Login()[pri:1, instance:Rest_Testing.ecommerce@4278284b]" started-at="2022-03-16T22:18:22Z" name="Login" finished-at="2022-03-16T22:18:26Z" duration-ms="3935" status="PASS">
          <reporter-output>
          </reporter-output>
        </test-method> <!-- Login -->
        <test-method signature="getallusers()[pri:2, instance:Rest_Testing.ecommerce@4278284b]" started-at="2022-03-16T22:18:26Z" name="getallusers" finished-at="2022-03-16T22:18:29Z" depends-on-methods="Rest_Testing.ecommerce.Login" duration-ms="2639" status="PASS">
          <reporter-output>
          </reporter-output>
        </test-method> <!-- getallusers -->
        <test-method signature="delete()[pri:3, instance:Rest_Testing.ecommerce@4278284b]" started-at="2022-03-16T22:18:29Z" name="delete" finished-at="2022-03-16T22:18:30Z" depends-on-methods="Rest_Testing.ecommerce.getallusers" duration-ms="1620" status="PASS">
          <reporter-output>
          </reporter-output>
        </test-method> <!-- delete -->
      </class> <!-- Rest_Testing.ecommerce -->
    </test> <!-- Default test -->
  </suite> <!-- Default suite -->
</testng-results>
